<?xml version="1.0" encoding="UTF-8"?>
<!-- Generated by org.testng.reporters.JUnitXMLReporter -->
<testsuite ignored="0" hostname="Nishchay" failures="0" tests="3" name="Default test" time="23.213" errors="0" timestamp="2024-05-25T12:05:58 IST">
  <testcase classname="AutomationTesting.Tests.SubmitOrderTest" name="submitOrder" time="4.953"/>
  <testcase classname="AutomationTesting.Tests.SubmitOrderTest" name="submitOrder" time="4.709"/>
  <testcase classname="AutomationTesting.Tests.SubmitOrderTest" name="orderHistoryTest" time="0.734"/>
</testsuite> <!-- Default test -->
