<?xml version="1.0" encoding="UTF-8"?>
<!-- Generated by org.testng.reporters.JUnitXMLReporter -->
<testsuite ignored="0" hostname="Nishchay" failures="0" tests="3" name="Error Validations Test" time="37.848" errors="0" timestamp="2024-05-25T12:56:28 IST">
  <testcase classname="AutomationTesting.Tests.ErrorValidationsTest" name="LoginErrorValidation" time="22.079">
    <skipped/>
  </testcase> <!-- LoginErrorValidation -->
  <testcase classname="AutomationTesting.Tests.ErrorValidationsTest" name="LoginErrorValidation" time="0.955"/>
  <testcase classname="AutomationTesting.Tests.ErrorValidationsTest" name="ProductErrorValidation" time="3.453"/>
</testsuite> <!-- Error Validations Test -->
