<?xml version="1.0" encoding="UTF-8"?>
<!-- Generated by org.testng.reporters.JUnitXMLReporter -->
<testsuite ignored="0" hostname="Nishchay" failures="0" tests="3" name="Submit Order Test" time="22.97" errors="0" timestamp="2024-05-25T12:56:13 IST">
  <testcase classname="AutomationTesting.Tests.SubmitOrderTest" name="submitOrder" time="4.441"/>
  <testcase classname="AutomationTesting.Tests.SubmitOrderTest" name="submitOrder" time="4.519"/>
  <testcase classname="AutomationTesting.Tests.SubmitOrderTest" name="orderHistoryTest" time="0.887"/>
</testsuite> <!-- Submit Order Test -->
