<?xml version="1.0" encoding="UTF-8"?>
<!-- Generated by org.testng.reporters.JUnitXMLReporter -->
<testsuite ignored="0" hostname="Nishchay" failures="0" tests="2" name="Error Validations Test" time="15.029" errors="0" timestamp="2024-05-25T17:08:33 IST">
  <testcase classname="AutomationTesting.Tests.ErrorValidationsTest" name="LoginErrorValidation" time="0.48"/>
  <testcase classname="AutomationTesting.Tests.ErrorValidationsTest" name="ProductErrorValidation" time="2.85"/>
</testsuite> <!-- Error Validations Test -->
