<?xml version="1.0" encoding="UTF-8"?>
<!-- Generated by org.testng.reporters.JUnitXMLReporter -->
<testsuite ignored="0" hostname="Nishchay" failures="0" tests="3" name="Submit Order Test" time="22.948" errors="0" timestamp="2024-05-25T17:08:40 IST">
  <testcase classname="AutomationTesting.Tests.SubmitOrderTest" name="submitOrder" time="3.725"/>
  <testcase classname="AutomationTesting.Tests.SubmitOrderTest" name="submitOrder" time="3.524"/>
  <testcase classname="AutomationTesting.Tests.SubmitOrderTest" name="orderHistoryTest" time="0.567"/>
</testsuite> <!-- Submit Order Test -->
